<?xml version="1.0" encoding="UTF-8"?>
<testng-results ignored="0" total="1" passed="1" failed="0" skipped="0">
  <reporter-output>
  </reporter-output>
  <suite started-at="2021-08-23T00:40:02 EET" name="tests.TestCases" finished-at="2021-08-23T00:40:52 EET" duration-ms="50071">
    <groups>
    </groups>
    <test started-at="2021-08-23T00:40:02 EET" name="Command line test" finished-at="2021-08-23T00:40:52 EET" duration-ms="50071">
      <class name="tests.TestCases">
        <test-method is-config="true" signature="setUp(java.lang.String)[pri:0, instance:tests.TestCases@7cc0cdad]" started-at="2021-08-23T00:40:02 EET" name="setUp" finished-at="2021-08-23T00:40:13 EET" duration-ms="11192" status="PASS">
          <params>
            <param index="0">
              <value>
                <![CDATA[chrome]]>
              </value>
            </param>
          </params>
          <reporter-output>
          </reporter-output>
        </test-method> <!-- setUp -->
        <test-method signature="test()[pri:0, instance:tests.TestCases@7cc0cdad]" started-at="2021-08-23T00:40:13 EET" name="test" finished-at="2021-08-23T00:40:52 EET" duration-ms="38826" status="PASS">
          <reporter-output>
          </reporter-output>
        </test-method> <!-- test -->
        <test-method is-config="true" signature="cleanUp(org.testng.ITestResult)[pri:0, instance:tests.TestCases@7cc0cdad]" started-at="2021-08-23T00:40:52 EET" name="cleanUp" finished-at="2021-08-23T00:40:52 EET" duration-ms="1" status="PASS">
          <params>
            <param index="0">
              <value>
                <![CDATA[[TestResult name=test status=SUCCESS method=TestCases.test()[pri:0, instance:tests.TestCases@7cc0cdad] output={null}]]]>
              </value>
            </param>
          </params>
          <reporter-output>
          </reporter-output>
        </test-method> <!-- cleanUp -->
      </class> <!-- tests.TestCases -->
    </test> <!-- Command line test -->
  </suite> <!-- tests.TestCases -->
</testng-results>
